<?xml version="1.0" encoding="UTF-8"?>
<testng-results skipped="0" failed="0" ignored="0" total="2" passed="2">
  <reporter-output>
  </reporter-output>
  <suite name="Default suite" duration-ms="48211" started-at="2020-02-07T10:45:19 IST" finished-at="2020-02-07T10:46:07 IST">
    <groups>
    </groups>
    <test name="Default test" duration-ms="48211" started-at="2020-02-07T10:45:19 IST" finished-at="2020-02-07T10:46:07 IST">
      <class name="com.training.regression.tests.LoginDBTest">
        <test-method status="PASS" signature="setUpBeforeClass()[pri:0, instance:com.training.regression.tests.LoginDBTest@3b084709]" name="setUpBeforeClass" is-config="true" duration-ms="29" started-at="2020-02-07T10:45:19 IST" finished-at="2020-02-07T10:45:19 IST">
          <reporter-output>
          </reporter-output>
        </test-method> <!-- setUpBeforeClass -->
        <test-method status="PASS" signature="setUp()[pri:0, instance:com.training.regression.tests.LoginDBTest@3b084709]" name="setUp" is-config="true" duration-ms="18188" started-at="2020-02-07T10:45:19 IST" finished-at="2020-02-07T10:45:38 IST">
          <reporter-output>
          </reporter-output>
        </test-method> <!-- setUp -->
        <test-method status="PASS" signature="loginDBTest(java.lang.String, java.lang.String)[pri:0, instance:com.training.regression.tests.LoginDBTest@3b084709]" name="loginDBTest" duration-ms="6772" started-at="2020-02-07T10:45:38 IST" data-provider="db-inputs" finished-at="2020-02-07T10:45:44 IST">
          <params>
            <param index="0">
              <value>
                <![CDATA[admin]]>
              </value>
            </param>
            <param index="1">
              <value>
                <![CDATA[admin@123]]>
              </value>
            </param>
          </params>
          <reporter-output>
          </reporter-output>
        </test-method> <!-- loginDBTest -->
        <test-method status="PASS" signature="tearDown()[pri:0, instance:com.training.regression.tests.LoginDBTest@3b084709]" name="tearDown" is-config="true" duration-ms="2007" started-at="2020-02-07T10:45:44 IST" finished-at="2020-02-07T10:45:46 IST">
          <reporter-output>
          </reporter-output>
        </test-method> <!-- tearDown -->
        <test-method status="PASS" signature="setUp()[pri:0, instance:com.training.regression.tests.LoginDBTest@3b084709]" name="setUp" is-config="true" duration-ms="13263" started-at="2020-02-07T10:45:46 IST" finished-at="2020-02-07T10:46:00 IST">
          <reporter-output>
          </reporter-output>
        </test-method> <!-- setUp -->
        <test-method status="PASS" signature="loginDBTest(java.lang.String, java.lang.String)[pri:0, instance:com.training.regression.tests.LoginDBTest@3b084709]" name="loginDBTest" duration-ms="5404" started-at="2020-02-07T10:46:00 IST" data-provider="db-inputs" finished-at="2020-02-07T10:46:05 IST">
          <params>
            <param index="0">
              <value>
                <![CDATA[admin]]>
              </value>
            </param>
            <param index="1">
              <value>
                <![CDATA[admin@123]]>
              </value>
            </param>
          </params>
          <reporter-output>
          </reporter-output>
        </test-method> <!-- loginDBTest -->
        <test-method status="PASS" signature="tearDown()[pri:0, instance:com.training.regression.tests.LoginDBTest@3b084709]" name="tearDown" is-config="true" duration-ms="2006" started-at="2020-02-07T10:46:05 IST" finished-at="2020-02-07T10:46:07 IST">
          <reporter-output>
          </reporter-output>
        </test-method> <!-- tearDown -->
      </class> <!-- com.training.regression.tests.LoginDBTest -->
    </test> <!-- Default test -->
  </suite> <!-- Default suite -->
</testng-results>
